Traceback (most recent call last):
  File "C:\Users\ps888\AppData\Roaming\Python\Python312\site-packages\ultralytics\data\dataset.py", line 169, in get_labels
    cache, exists = load_dataset_cache_file(cache_path), True  # attempt to load a *.cache file
                    ^^^^^^^^^^^^^^^^^^^^^^^^^^^^^^^^^^^
  File "C:\Users\ps888\AppData\Roaming\Python\Python312\site-packages\ultralytics\data\utils.py", line 800, in load_dataset_cache_file
    cache = np.load(str(path), allow_pickle=True).item()  # load dict
            ^^^^^^^^^^^^^^^^^^^^^^^^^^^^^^^^^^^^^
  File "C:\Users\ps888\AppData\Roaming\Python\Python312\site-packages\numpy\lib\_npyio_impl.py", line 454, in load
    fid = stack.enter_context(open(os.fspath(file), "rb"))
                              ^^^^^^^^^^^^^^^^^^^^^^^^^^^
FileNotFoundError: [Errno 2] No such file or directory: 'D:\\fu\\algo_main-main\\datasets\\merged_jcb_ppe\\labels\\train.cache'

During handling of the above exception, another exception occurred:

Traceback (most recent call last):
  File "D:\fu\algo_main-main\training\run_ultra_train.py", line 35, in <module>
    raise SystemExit(main())
                     ^^^^^^
  File "D:\fu\algo_main-main\training\run_ultra_train.py", line 30, in main
    model.train(**cfg)
  File "C:\Users\ps888\AppData\Roaming\Python\Python312\site-packages\ultralytics\engine\model.py", line 787, in train
    self.trainer.train()
  File "C:\Users\ps888\AppData\Roaming\Python\Python312\site-packages\ultralytics\engine\trainer.py", line 246, in train
    self._do_train()
  File "C:\Users\ps888\AppData\Roaming\Python\Python312\site-packages\ultralytics\engine\trainer.py", line 369, in _do_train
    self._setup_train()
  File "C:\Users\ps888\AppData\Roaming\Python\Python312\site-packages\ultralytics\engine\trainer.py", line 350, in _setup_train
    self._build_train_pipeline()
  File "C:\Users\ps888\AppData\Roaming\Python\Python312\site-packages\ultralytics\engine\trainer.py", line 271, in _build_train_pipeline
    self.train_loader = self.get_dataloader(
                        ^^^^^^^^^^^^^^^^^^^^
  File "C:\Users\ps888\AppData\Roaming\Python\Python312\site-packages\ultralytics\models\yolo\detect\train.py", line 93, in get_dataloader
    dataset = self.build_dataset(dataset_path, mode, batch_size)
              ^^^^^^^^^^^^^^^^^^^^^^^^^^^^^^^^^^^^^^^^^^^^^^^^^^
  File "C:\Users\ps888\AppData\Roaming\Python\Python312\site-packages\ultralytics\models\yolo\detect\train.py", line 77, in build_dataset
    return build_yolo_dataset(self.args, img_path, batch, self.data, mode=mode, rect=mode == "val", stride=gs)
           ^^^^^^^^^^^^^^^^^^^^^^^^^^^^^^^^^^^^^^^^^^^^^^^^^^^^^^^^^^^^^^^^^^^^^^^^^^^^^^^^^^^^^^^^^^^^^^^^^^^
  File "C:\Users\ps888\AppData\Roaming\Python\Python312\site-packages\ultralytics\data\build.py", line 236, in build_yolo_dataset
    return dataset(
           ^^^^^^^^
  File "C:\Users\ps888\AppData\Roaming\Python\Python312\site-packages\ultralytics\data\dataset.py", line 88, in __init__
    super().__init__(*args, channels=self.data.get("channels", 3), **kwargs)
  File "C:\Users\ps888\AppData\Roaming\Python\Python312\site-packages\ultralytics\data\base.py", line 118, in __init__
    self.labels = self.get_labels()
                  ^^^^^^^^^^^^^^^^^
  File "C:\Users\ps888\AppData\Roaming\Python\Python312\site-packages\ultralytics\data\dataset.py", line 173, in get_labels
    cache, exists = self.cache_labels(cache_path), False  # run cache ops
                    ^^^^^^^^^^^^^^^^^^^^^^^^^^^^^
  File "C:\Users\ps888\AppData\Roaming\Python\Python312\site-packages\ultralytics\data\dataset.py", line 109, in cache_labels
    with ThreadPool(NUM_THREADS) as pool:
         ^^^^^^^^^^^^^^^^^^^^^^^
  File "C:\Program Files\Python312\Lib\multiprocessing\pool.py", line 930, in __init__
    Pool.__init__(self, processes, initializer, initargs)
  File "C:\Program Files\Python312\Lib\multiprocessing\pool.py", line 196, in __init__
    self._change_notifier = self._ctx.SimpleQueue()
                            ^^^^^^^^^^^^^^^^^^^^^^^
  File "C:\Program Files\Python312\Lib\multiprocessing\context.py", line 113, in SimpleQueue
    return SimpleQueue(ctx=self.get_context())
           ^^^^^^^^^^^^^^^^^^^^^^^^^^^^^^^^^^^
  File "C:\Program Files\Python312\Lib\multiprocessing\queues.py", line 342, in __init__
    self._reader, self._writer = connection.Pipe(duplex=False)
                                 ^^^^^^^^^^^^^^^^^^^^^^^^^^^^^
  File "C:\Program Files\Python312\Lib\multiprocessing\connection.py", line 557, in Pipe
    h2 = _winapi.CreateFile(
         ^^^^^^^^^^^^^^^^^^^
PermissionError: [WinError 5] Access is denied
